19:49:54.302 [main] WARN  org.hibernate.orm.connections.pooling - HHH10001002: Using built-in connection pool (not intended for production use)
19:49:54.434 [main] WARN  org.hibernate.orm.deprecation - HHH90000025: PostgreSQLDialect does not need to be specified explicitly using 'hibernate.dialect' (remove the property setting and it will be selected by default)
19:51:07.717 [main] WARN  org.hibernate.orm.connections.pooling - HHH10001002: Using built-in connection pool (not intended for production use)
19:51:07.964 [main] WARN  org.hibernate.orm.deprecation - HHH900000ng and it will be selected by25: PostgreSQLDialect does not need to be specified explicitly using 'hibernate.dialect' (remove the property setti default)
19:59:54.664 [main] WARN  org.hibernate.orm.connections.pooling - HHH10001002: Using built-in connection pool (not intended for production use)
19:59:54.794 [main] WARN  org.hibernate.orm.deprecation - HHH90000025: PostgreSQLDialect does not need to be specified explicitly using 'hibernate.dialect' (remove the property setting and it will be selected by default)
20:06:34.110 [main] WARN  org.hibernate.orm.connections.pooling - HHH10001002: Using built-in connection pool (not intended for production use)
20:06:34.247 [main] WARN  org.hibernate.orm.deprecation - HHH90000025: PostgreSQLDialect does not need to be specified explicitly using 'hibernate.dialect' (remove the property setting and it will be selected by default)
20:07:57.960 [main] WARN  org.hibernate.orm.jdbc.error - HHH000247: ErrorCode: 0, SQLState: 23505
20:07:57.960 [main] WARN  org.hibernate.orm.jdbc.error - ERROR: duplicate key value violates unique constraint "user_email_key"
  Detail: Key (email)=(r@gmail.com) already exists.
20:11:36.010 [main] WARN  org.hibernate.orm.connections.pooling - HHH10001002: Using built-in connection pool (not intended for production use)
20:11:36.140 [main] WARN  org.hibernate.orm.deprecation - HHH90000025: PostgreSQLDialect does not need to be specified explicitly using 'hibernate.dialect' (remove the property setting and it will be selected by default)
20:11:48.866 [main] WARN  org.hibernate.orm.jdbc.error - HHH000247: ErrorCode: 0, SQLState: 23505
20:11:48.866 [main] WARN  org.hibernate.orm.jdbc.error - ERROR: duplicate key value violates unique constraint "user_email_key"
  Detail: Key (email)=(r@gmail.com) already exists.
20:15:40.796 [main] WARN  org.hibernate.orm.connections.pooling - HHH10001002: Using built-in connection pool (not intended for production use)
20:15:40.932 [main] WARN  org.hibernate.orm.deprecation - HHH90000025: PostgreSQLDialect does not need to be specified explicitly using 'hibernate.dialect' (remove the property setting and it will be selected by default)
20:15:56.437 [main] WARN  org.hibernate.orm.jdbc.error - HHH000247: ErrorCode: 0, SQLState: 23505
20:15:56.437 [main] WARN  org.hibernate.orm.jdbc.error - ERROR: duplicate key value violates unique constraint "user_email_key"
  Detail: Key (email)=(r@gmail.com) already exists.
20:18:37.593 [main] WARN  org.hibernate.orm.connections.pooling - HHH10001002: Using built-in connection pool (not intended for production use)
20:18:37.726 [main] WARN  org.hibernate.orm.deprecation - HHH90000025: PostgreSQLDialect does not need to be specified explicitly using 'hibernate.dialect' (remove the property setting and it will be selected by default)
20:18:44.902 [main] WARN  org.hibernate.orm.jdbc.error - HHH000247: ErrorCode: 0, SQLState: 23505
20:18:44.902 [main] WARN  org.hibernate.orm.jdbc.error - ERROR: duplicate key value violates unique constraint "user_email_key"
  Detail: Key (email)=(r@gmail.com) already exists.
20:23:57.449 [main] WARN  org.hibernate.orm.connections.pooling - HHH10001002: Using built-in connection pool (not intended for production use)
20:23:57.587 [main] WARN  org.hibernate.orm.deprecation - HHH90000025: PostgreSQLDialect does not need to be specified explicitly using 'hibernate.dialect' (remove the property setting and it will be selected by default)
20:23:58.361 [main] WARN  org.hibernate.orm.jdbc.error - HHH000247: ErrorCode: 0, SQLState: 23514
20:23:58.362 [main] WARN  org.hibernate.orm.jdbc.error - ERROR: new row for relation "users" violates check constraint "user_age_check"
  Detail: Failing row contains (21, t, t@mail.com, -23, 2025-08-01 20:23:58.357769).
21:18:37.617 [main] WARN  org.hibernate.orm.connections.pooling - HHH10001002: Using built-in connection pool (not intended for production use)
21:18:37.750 [main] WARN  org.hibernate.orm.deprecation - HHH90000025: PostgreSQLDialect does not need to be specified explicitly using 'hibernate.dialect' (remove the property setting and it will be selected by default)
21:18:38.513 [main] WARN  org.hibernate.orm.jdbc.error - HHH000247: ErrorCode: 0, SQLState: 23514
21:18:38.514 [main] WARN  org.hibernate.orm.jdbc.error - ERROR: new row for relation "users" violates check constraint "user_age_check"
  Detail: Failing row contains (22, ке, rt@gmail.com, -34, 2025-08-01 21:18:38.509657).
21:27:36.814 [main] WARN  org.hibernate.orm.connections.pooling - HHH10001002: Using built-in connection pool (not intended for production use)
21:27:36.946 [main] WARN  org.hibernate.orm.deprecation - HHH90000025: PostgreSQLDialect does not need to be specified explicitly using 'hibernate.dialect' (remove the property setting and it will be selected by default)
21:27:37.738 [main] WARN  org.hibernate.orm.jdbc.error - HHH000247: ErrorCode: 0, SQLState: 23514
21:27:37.738 [main] WARN  org.hibernate.orm.jdbc.error - ERROR: new row for relation "users" violates check constraint "user_age_check"
  Detail: Failing row contains (23, не, yt@g.com, -54, 2025-08-01 21:27:37.733881).
21:27:51.871 [main] WARN  org.hibernate.orm.jdbc.error - HHH000247: ErrorCode: 0, SQLState: 23505
21:27:51.871 [main] WARN  org.hibernate.orm.jdbc.error - ERROR: duplicate key value violates unique constraint "user_email_key"
  Detail: Key (email)=(r@gmail.com) already exists.
